<?xml version="1.0" encoding="UTF-8"?>
<!-- Generated by org.testng.reporters.JUnitReportReporter -->
<testsuite hostname="BRUNO-DESKTOP" failures="0" tests="1" name="BDD.TestRunner" time="13.167" errors="0" timestamp="2024-05-27T21:11:58 WEST" skipped="0">
  <testcase classname="BDD.TestRunner" name="runScenario" time="13.167"/>
  <system-out/>
</testsuite> <!-- BDD.TestRunner -->
